Importing libraries...
[OK] Libraries imported

============================================================
Training All 21 Hobli Models
============================================================


[1/21] Training Kasaba, Doddaballapura

============================================================
Training: Kasaba, Doddaballapura
============================================================
  [Fetching] Kasaba, Doddaballapura... [OK] 3651 records
  [Preprocessing]...Cleaning data...
[OK] Data cleaned. Shape: (3651, 4), Features: ['temp_max', 'temp_min', 'rainfall']
Normalizing data...
[OK] Scaler fitted and saved to models\weather_scaler.pkl
Creating sequences with length 30...
[OK] Created 3591 sequences
  X shape: (3591, 30, 3)  (samples, timesteps, features)
  y shape: (3591, 30, 3)  (samples, timesteps, features)
Splitting data...
[OK] Train set: 2872 sequences
[OK] Val set: 359 sequences
[OK] Test set: 360 sequences
 [OK]
  [Training] Building & Training LSTM...Building LSTM model...
[OK] Model built successfully
Model: "sequential"
_________________________________________________________________
 Layer (type)                Output Shape              Param #   
=================================================================
 lstm (LSTM)                 (None, 30, 64)            17408     
                                                                 
 dropout (Dropout)           (None, 30, 64)            0         
                                                                 
 lstm_1 (LSTM)               (None, 30, 64)            33024     
                                                                 
 dropout_1 (Dropout)         (None, 30, 64)            0         
                                                                 
 lstm_2 (LSTM)               (None, 32)                12416     
                                                                 
 dropout_2 (Dropout)         (None, 32)                0         
                                                                 
 dense (Dense)               (None, 90)                2970      
                                                                 
 reshape (Reshape)           (None, 30, 3)             0         
                                                                 
=================================================================
Total params: 65818 (257.10 KB)
Trainable params: 65818 (257.10 KB)
Non-trainable params: 0 (0.00 Byte)
_________________________________________________________________

Training model for 3 epochs...
Epoch 1/3

 1/90 [..............................] - ETA: 22:48 - loss: 0.2403 - mae: 0.3956
 2/90 [..............................] - ETA: 6s - loss: 0.2154 - mae: 0.3760   
 3/90 [>.............................] - ETA: 7s - loss: 0.2051 - mae: 0.3654
 4/90 [>.............................] - ETA: 8s - loss: 0.2104 - mae: 0.3699
 5/90 [>.............................] - ETA: 8s - loss: 0.2091 - mae: 0.3683
 6/90 [=>............................] - ETA: 9s - loss: 0.2112 - mae: 0.3712
 7/90 [=>............................] - ETA: 9s - loss: 0.2070 - mae: 0.3668
 8/90 [=>............................] - ETA: 9s - loss: 0.2077 - mae: 0.3677
 9/90 [==>...........................] - ETA: 9s - loss: 0.2058 - mae: 0.3661
10/90 [==>...........................] - ETA: 10s - loss: 0.2060 - mae: 0.3665
11/90 [==>...........................] - ETA: 9s - loss: 0.2026 - mae: 0.3631 
12/90 [===>..........................] - ETA: 9s - loss: 0.2006 - mae: 0.3617
13/90 [===>..........................] - ETA: 9s - loss: 0.2002 - mae: 0.3617
14/90 [===>..........................] - ETA: 9s - loss: 0.1980 - mae: 0.3599
15/90 [====>.........................] - ETA: 8s - loss: 0.1953 - mae: 0.3575
16/90 [====>.........................] - ETA: 8s - loss: 0.1923 - mae: 0.3545
17/90 [====>.........................] - ETA: 8s - loss: 0.1905 - mae: 0.3523
18/90 [=====>........................] - ETA: 8s - loss: 0.1886 - mae: 0.3499
19/90 [=====>........................] - ETA: 8s - loss: 0.1863 - mae: 0.3476
20/90 [=====>........................] - ETA: 7s - loss: 0.1840 - mae: 0.3451
21/90 [======>.......................] - ETA: 7s - loss: 0.1828 - mae: 0.3438
22/90 [======>.......................] - ETA: 7s - loss: 0.1803 - mae: 0.3412
23/90 [======>.......................] - ETA: 7s - loss: 0.1780 - mae: 0.3385
24/90 [=======>......................] - ETA: 7s - loss: 0.1760 - mae: 0.3363
25/90 [=======>......................] - ETA: 7s - loss: 0.1737 - mae: 0.3336
26/90 [=======>......................] - ETA: 6s - loss: 0.1715 - mae: 0.3312
27/90 [========>.....................] - ETA: 7s - loss: 0.1693 - mae: 0.3286
28/90 [========>.....................] - ETA: 7s - loss: 0.1670 - mae: 0.3258
29/90 [========>.....................] - ETA: 6s - loss: 0.1647 - mae: 0.3233
30/90 [=========>....................] - ETA: 6s - loss: 0.1622 - mae: 0.3204
31/90 [=========>....................] - ETA: 6s - loss: 0.1600 - mae: 0.3178
32/90 [=========>....................] - ETA: 6s - loss: 0.1577 - mae: 0.3150
33/90 [==========>...................] - ETA: 6s - loss: 0.1554 - mae: 0.3121
34/90 [==========>...................] - ETA: 6s - loss: 0.1528 - mae: 0.3089
35/90 [==========>...................] - ETA: 6s - loss: 0.1507 - mae: 0.3062
36/90 [===========>..................] - ETA: 5s - loss: 0.1485 - mae: 0.3035
37/90 [===========>..................] - ETA: 5s - loss: 0.1462 - mae: 0.3007
38/90 [===========>..................] - ETA: 5s - loss: 0.1439 - mae: 0.2977
39/90 [============>.................] - ETA: 5s - loss: 0.1418 - mae: 0.2951
40/90 [============>.................] - ETA: 5s - loss: 0.1398 - mae: 0.2924
41/90 [============>.................] - ETA: 5s - loss: 0.1376 - mae: 0.2895
42/90 [=============>................] - ETA: 4s - loss: 0.1356 - mae: 0.2867
43/90 [=============>................] - ETA: 4s - loss: 0.1337 - mae: 0.2843
44/90 [=============>................] - ETA: 4s - loss: 0.1319 - mae: 0.2818
45/90 [==============>...............] - ETA: 4s - loss: 0.1300 - mae: 0.2792
46/90 [==============>...............] - ETA: 4s - loss: 0.1284 - mae: 0.2772
47/90 [==============>...............] - ETA: 4s - loss: 0.1266 - mae: 0.2747
48/90 [===============>..............] - ETA: 4s - loss: 0.1248 - mae: 0.2722
50/90 [===============>..............] - ETA: 3s - loss: 0.1216 - mae: 0.2677
51/90 [================>.............] - ETA: 3s - loss: 0.1200 - mae: 0.2656
52/90 [================>.............] - ETA: 3s - loss: 0.1184 - mae: 0.2634
53/90 [================>.............] - ETA: 3s - loss: 0.1168 - mae: 0.2610
54/90 [=================>............] - ETA: 3s - loss: 0.1155 - mae: 0.2591
55/90 [=================>............] - ETA: 3s - loss: 0.1140 - mae: 0.2570
56/90 [=================>............] - ETA: 3s - loss: 0.1125 - mae: 0.2547
57/90 [==================>...........] - ETA: 3s - loss: 0.1111 - mae: 0.2527
58/90 [==================>...........] - ETA: 2s - loss: 0.1098 - mae: 0.2508
59/90 [==================>...........] - ETA: 2s - loss: 0.1085 - mae: 0.2489
60/90 [===================>..........] - ETA: 2s - loss: 0.1072 - mae: 0.2470
61/90 [===================>..........] - ETA: 2s - loss: 0.1058 - mae: 0.2450
62/90 [===================>..........] - ETA: 2s - loss: 0.1046 - mae: 0.2432
63/90 [====================>.........] - ETA: 2s - loss: 0.1035 - mae: 0.2415
64/90 [====================>.........] - ETA: 2s - loss: 0.1024 - mae: 0.2398
65/90 [====================>.........] - ETA: 2s - loss: 0.1012 - mae: 0.2380
66/90 [=====================>........] - ETA: 2s - loss: 0.1001 - mae: 0.2364
67/90 [=====================>........] - ETA: 2s - loss: 0.0991 - mae: 0.2349
68/90 [=====================>........] - ETA: 1s - loss: 0.0980 - mae: 0.2332
69/90 [======================>.......] - ETA: 1s - loss: 0.0969 - mae: 0.2315
70/90 [======================>.......] - ETA: 1s - loss: 0.0960 - mae: 0.2302
71/90 [======================>.......] - ETA: 1s - loss: 0.0950 - mae: 0.2287
72/90 [=======================>......] - ETA: 1s - loss: 0.0941 - mae: 0.2273
73/90 [=======================>......] - ETA: 1s - loss: 0.0931 - mae: 0.2259
74/90 [=======================>......] - ETA: 1s - loss: 0.0922 - mae: 0.2244
75/90 [========================>.....] - ETA: 1s - loss: 0.0913 - mae: 0.2231
76/90 [========================>.....] - ETA: 1s - loss: 0.0904 - mae: 0.2216
77/90 [========================>.....] - ETA: 1s - loss: 0.0896 - mae: 0.2204
78/90 [=========================>....] - ETA: 1s - loss: 0.0888 - mae: 0.2191
79/90 [=========================>....] - ETA: 0s - loss: 0.0879 - mae: 0.2177
80/90 [=========================>....] - ETA: 0s - loss: 0.0871 - mae: 0.2166
81/90 [==========================>...] - ETA: 0s - loss: 0.0863 - mae: 0.2152
83/90 [==========================>...] - ETA: 0s - loss: 0.0848 - mae: 0.2129
84/90 [===========================>..] - ETA: 0s - loss: 0.0841 - mae: 0.2117
85/90 [===========================>..] - ETA: 0s - loss: 0.0834 - mae: 0.2107
86/90 [===========================>..] - ETA: 0s - loss: 0.0827 - mae: 0.2096
87/90 [============================>.] - ETA: 0s - loss: 0.0819 - mae: 0.2085
88/90 [============================>.] - ETA: 0s - loss: 0.0813 - mae: 0.2074
89/90 [============================>.] - ETA: 0s - loss: 0.0806 - mae: 0.2063
90/90 [==============================] - ETA: 0s - loss: 0.0801 - mae: 0.2056
90/90 [==============================] - 26s 119ms/step - loss: 0.0801 - mae: 0.2056 - val_loss: 0.0120 - val_mae: 0.0818 - lr: 0.0010
Epoch 2/3

 1/90 [..............................] - ETA: 6s - loss: 0.0222 - mae: 0.1165
 2/90 [..............................] - ETA: 7s - loss: 0.0241 - mae: 0.1206
 3/90 [>.............................] - ETA: 7s - loss: 0.0235 - mae: 0.1187
 4/90 [>.............................] - ETA: 11s - loss: 0.0238 - mae: 0.1193
 5/90 [>.............................] - ETA: 11s - loss: 0.0246 - mae: 0.1210
 6/90 [=>............................] - ETA: 15s - loss: 0.0249 - mae: 0.1214
 7/90 [=>............................] - ETA: 14s - loss: 0.0244 - mae: 0.1200
 8/90 [=>............................] - ETA: 13s - loss: 0.0240 - mae: 0.1191
 9/90 [==>...........................] - ETA: 12s - loss: 0.0240 - mae: 0.1187
10/90 [==>...........................] - ETA: 12s - loss: 0.0241 - mae: 0.1188
11/90 [==>...........................] - ETA: 11s - loss: 0.0238 - mae: 0.1181
12/90 [===>..........................] - ETA: 11s - loss: 0.0238 - mae: 0.1179
13/90 [===>..........................] - ETA: 10s - loss: 0.0237 - mae: 0.1177
14/90 [===>..........................] - ETA: 10s - loss: 0.0237 - mae: 0.1175
15/90 [====>.........................] - ETA: 10s - loss: 0.0236 - mae: 0.1173
16/90 [====>.........................] - ETA: 10s - loss: 0.0233 - mae: 0.1168
17/90 [====>.........................] - ETA: 9s - loss: 0.0232 - mae: 0.1164 
18/90 [=====>........................] - ETA: 9s - loss: 0.0230 - mae: 0.1158
19/90 [=====>........................] - ETA: 9s - loss: 0.0229 - mae: 0.1155
20/90 [=====>........................] - ETA: 9s - loss: 0.0229 - mae: 0.1156
21/90 [======>.......................] - ETA: 8s - loss: 0.0229 - mae: 0.1154
22/90 [======>.......................] - ETA: 8s - loss: 0.0227 - mae: 0.1149
23/90 [======>.......................] - ETA: 8s - loss: 0.0226 - mae: 0.1149
24/90 [=======>......................] - ETA: 8s - loss: 0.0225 - mae: 0.1145
25/90 [=======>......................] - ETA: 8s - loss: 0.0223 - mae: 0.1141
26/90 [=======>......................] - ETA: 7s - loss: 0.0223 - mae: 0.1140
27/90 [========>.....................] - ETA: 7s - loss: 0.0222 - mae: 0.1138
28/90 [========>.....................] - ETA: 7s - loss: 0.0221 - mae: 0.1136
29/90 [========>.....................] - ETA: 7s - loss: 0.0220 - mae: 0.1133
30/90 [=========>....................] - ETA: 7s - loss: 0.0219 - mae: 0.1130
31/90 [=========>....................] - ETA: 6s - loss: 0.0219 - mae: 0.1129
32/90 [=========>....................] - ETA: 6s - loss: 0.0218 - mae: 0.1128
33/90 [==========>...................] - ETA: 6s - loss: 0.0217 - mae: 0.1125
34/90 [==========>...................] - ETA: 6s - loss: 0.0216 - mae: 0.1121
35/90 [==========>...................] - ETA: 6s - loss: 0.0214 - mae: 0.1117
36/90 [===========>..................] - ETA: 6s - loss: 0.0214 - mae: 0.1117
37/90 [===========>..................] - ETA: 6s - loss: 0.0214 - mae: 0.1117
38/90 [===========>..................] - ETA: 5s - loss: 0.0213 - mae: 0.1114
39/90 [============>.................] - ETA: 5s - loss: 0.0212 - mae: 0.1112
40/90 [============>.................] - ETA: 5s - loss: 0.0212 - mae: 0.1110
41/90 [============>.................] - ETA: 5s - loss: 0.0211 - mae: 0.1107
42/90 [=============>................] - ETA: 5s - loss: 0.0209 - mae: 0.1103
43/90 [=============>................] - ETA: 5s - loss: 0.0208 - mae: 0.1101
44/90 [=============>................] - ETA: 5s - loss: 0.0208 - mae: 0.1100
45/90 [==============>...............] - ETA: 4s - loss: 0.0208 - mae: 0.1099
46/90 [==============>...............] - ETA: 4s - loss: 0.0207 - mae: 0.1096
47/90 [==============>...............] - ETA: 4s - loss: 0.0207 - mae: 0.1097
48/90 [===============>..............] - ETA: 4s - loss: 0.0206 - mae: 0.1094
49/90 [===============>..............] - ETA: 4s - loss: 0.0207 - mae: 0.1095
50/90 [===============>..............] - ETA: 4s - loss: 0.0206 - mae: 0.1094
51/90 [================>.............] - ETA: 4s - loss: 0.0206 - mae: 0.1093
52/90 [================>.............] - ETA: 4s - loss: 0.0205 - mae: 0.1092
53/90 [================>.............] - ETA: 3s - loss: 0.0205 - mae: 0.1091
54/90 [=================>............] - ETA: 3s - loss: 0.0205 - mae: 0.1091
55/90 [=================>............] - ETA: 3s - loss: 0.0204 - mae: 0.1089
56/90 [=================>............] - ETA: 3s - loss: 0.0204 - mae: 0.1087
57/90 [==================>...........] - ETA: 3s - loss: 0.0203 - mae: 0.1085
58/90 [==================>...........] - ETA: 3s - loss: 0.0202 - mae: 0.1083
59/90 [==================>...........] - ETA: 3s - loss: 0.0202 - mae: 0.1082
60/90 [===================>..........] - ETA: 3s - loss: 0.0202 - mae: 0.1082
61/90 [===================>..........] - ETA: 2s - loss: 0.0201 - mae: 0.1080
62/90 [===================>..........] - ETA: 2s - loss: 0.0201 - mae: 0.1080
63/90 [====================>.........] - ETA: 2s - loss: 0.0201 - mae: 0.1079
64/90 [====================>.........] - ETA: 2s - loss: 0.0201 - mae: 0.1078
65/90 [====================>.........] - ETA: 2s - loss: 0.0201 - mae: 0.1079
66/90 [=====================>........] - ETA: 2s - loss: 0.0201 - mae: 0.1078
67/90 [=====================>........] - ETA: 2s - loss: 0.0200 - mae: 0.1077
68/90 [=====================>........] - ETA: 2s - loss: 0.0200 - mae: 0.1076
69/90 [======================>.......] - ETA: 2s - loss: 0.0199 - mae: 0.1074
70/90 [======================>.......] - ETA: 2s - loss: 0.0199 - mae: 0.1072
71/90 [======================>.......] - ETA: 1s - loss: 0.0199 - mae: 0.1073
72/90 [=======================>......] - ETA: 1s - loss: 0.0199 - mae: 0.1073
73/90 [=======================>......] - ETA: 1s - loss: 0.0199 - mae: 0.1073
74/90 [=======================>......] - ETA: 1s - loss: 0.0198 - mae: 0.1071
75/90 [========================>.....] - ETA: 1s - loss: 0.0198 - mae: 0.1070
76/90 [========================>.....] - ETA: 1s - loss: 0.0198 - mae: 0.1070
77/90 [========================>.....] - ETA: 1s - loss: 0.0198 - mae: 0.1069
78/90 [=========================>....] - ETA: 1s - loss: 0.0197 - mae: 0.1068
79/90 [=========================>....] - ETA: 1s - loss: 0.0197 - mae: 0.1067
80/90 [=========================>....] - ETA: 0s - loss: 0.0197 - mae: 0.1065
81/90 [==========================>...] - ETA: 0s - loss: 0.0196 - mae: 0.1064
82/90 [==========================>...] - ETA: 0s - loss: 0.0195 - mae: 0.1062
83/90 [==========================>...] - ETA: 0s - loss: 0.0195 - mae: 0.1061
84/90 [===========================>..] - ETA: 0s - loss: 0.0195 - mae: 0.1060
85/90 [===========================>..] - ETA: 0s - loss: 0.0194 - mae: 0.1060
86/90 [===========================>..] - ETA: 0s - loss: 0.0194 - mae: 0.1059
87/90 [============================>.] - ETA: 0s - loss: 0.0194 - mae: 0.1059
88/90 [============================>.] - ETA: 0s - loss: 0.0194 - mae: 0.1057
89/90 [============================>.] - ETA: 0s - loss: 0.0193 - mae: 0.1055
90/90 [==============================] - ETA: 0s - loss: 0.0193 - mae: 0.1056
90/90 [==============================] - 9s 102ms/step - loss: 0.0193 - mae: 0.1056 - val_loss: 0.0142 - val_mae: 0.0878 - lr: 0.0010
Epoch 3/3

 1/90 [..............................] - ETA: 7s - loss: 0.0151 - mae: 0.0940
 2/90 [..............................] - ETA: 4s - loss: 0.0157 - mae: 0.0960
 3/90 [>.............................] - ETA: 6s - loss: 0.0158 - mae: 0.0962
 4/90 [>.............................] - ETA: 7s - loss: 0.0161 - mae: 0.0962
 5/90 [>.............................] - ETA: 7s - loss: 0.0157 - mae: 0.0951
 7/90 [=>............................] - ETA: 6s - loss: 0.0159 - mae: 0.0953
 8/90 [=>............................] - ETA: 6s - loss: 0.0160 - mae: 0.0957
 9/90 [==>...........................] - ETA: 5s - loss: 0.0159 - mae: 0.0953
10/90 [==>...........................] - ETA: 5s - loss: 0.0160 - mae: 0.0956
12/90 [===>..........................] - ETA: 5s - loss: 0.0157 - mae: 0.0947
13/90 [===>..........................] - ETA: 5s - loss: 0.0156 - mae: 0.0943
14/90 [===>..........................] - ETA: 5s - loss: 0.0156 - mae: 0.0941
15/90 [====>.........................] - ETA: 4s - loss: 0.0155 - mae: 0.0940
16/90 [====>.........................] - ETA: 4s - loss: 0.0155 - mae: 0.0940
17/90 [====>.........................] - ETA: 4s - loss: 0.0156 - mae: 0.0941
18/90 [=====>........................] - ETA: 4s - loss: 0.0156 - mae: 0.0943
19/90 [=====>........................] - ETA: 4s - loss: 0.0156 - mae: 0.0944
20/90 [=====>........................] - ETA: 4s - loss: 0.0158 - mae: 0.0948
22/90 [======>.......................] - ETA: 4s - loss: 0.0157 - mae: 0.0947
23/90 [======>.......................] - ETA: 4s - loss: 0.0158 - mae: 0.0948
25/90 [=======>......................] - ETA: 4s - loss: 0.0157 - mae: 0.0944
26/90 [=======>......................] - ETA: 3s - loss: 0.0156 - mae: 0.0941
27/90 [========>.....................] - ETA: 3s - loss: 0.0155 - mae: 0.0940
28/90 [========>.....................] - ETA: 3s - loss: 0.0156 - mae: 0.0943
29/90 [========>.....................] - ETA: 3s - loss: 0.0156 - mae: 0.0942
30/90 [=========>....................] - ETA: 3s - loss: 0.0156 - mae: 0.0941
32/90 [=========>....................] - ETA: 3s - loss: 0.0155 - mae: 0.0940
34/90 [==========>...................] - ETA: 3s - loss: 0.0156 - mae: 0.0941
36/90 [===========>..................] - ETA: 3s - loss: 0.0156 - mae: 0.0941
38/90 [===========>..................] - ETA: 3s - loss: 0.0156 - mae: 0.0942
39/90 [============>.................] - ETA: 2s - loss: 0.0157 - mae: 0.0942
40/90 [============>.................] - ETA: 2s - loss: 0.0156 - mae: 0.0940
41/90 [============>.................] - ETA: 2s - loss: 0.0157 - mae: 0.0943
43/90 [=============>................] - ETA: 2s - loss: 0.0158 - mae: 0.0944
44/90 [=============>................] - ETA: 2s - loss: 0.0159 - mae: 0.0947
46/90 [==============>...............] - ETA: 2s - loss: 0.0158 - mae: 0.0946
48/90 [===============>..............] - ETA: 2s - loss: 0.0158 - mae: 0.0945
49/90 [===============>..............] - ETA: 2s - loss: 0.0158 - mae: 0.0944
50/90 [===============>..............] - ETA: 2s - loss: 0.0157 - mae: 0.0943
51/90 [================>.............] - ETA: 2s - loss: 0.0157 - mae: 0.0942
52/90 [================>.............] - ETA: 2s - loss: 0.0158 - mae: 0.0944
53/90 [================>.............] - ETA: 2s - loss: 0.0157 - mae: 0.0942
55/90 [=================>............] - ETA: 1s - loss: 0.0157 - mae: 0.0941
57/90 [==================>...........] - ETA: 1s - loss: 0.0156 - mae: 0.0940
58/90 [==================>...........] - ETA: 1s - loss: 0.0156 - mae: 0.0940
60/90 [===================>..........] - ETA: 1s - loss: 0.0157 - mae: 0.0940
62/90 [===================>..........] - ETA: 1s - loss: 0.0156 - mae: 0.0938
63/90 [====================>.........] - ETA: 1s - loss: 0.0156 - mae: 0.0938
64/90 [====================>.........] - ETA: 1s - loss: 0.0156 - mae: 0.0939
65/90 [====================>.........] - ETA: 1s - loss: 0.0156 - mae: 0.0937
66/90 [=====================>........] - ETA: 1s - loss: 0.0156 - mae: 0.0937
68/90 [=====================>........] - ETA: 1s - loss: 0.0156 - mae: 0.0936
69/90 [======================>.......] - ETA: 1s - loss: 0.0155 - mae: 0.0935
70/90 [======================>.......] - ETA: 1s - loss: 0.0155 - mae: 0.0935
71/90 [======================>.......] - ETA: 1s - loss: 0.0155 - mae: 0.0935
72/90 [=======================>......] - ETA: 1s - loss: 0.0155 - mae: 0.0935
73/90 [=======================>......] - ETA: 0s - loss: 0.0155 - mae: 0.0935
74/90 [=======================>......] - ETA: 0s - loss: 0.0155 - mae: 0.0933
75/90 [========================>.....] - ETA: 0s - loss: 0.0155 - mae: 0.0933
76/90 [========================>.....] - ETA: 0s - loss: 0.0154 - mae: 0.0932
78/90 [=========================>....] - ETA: 0s - loss: 0.0154 - mae: 0.0930
79/90 [=========================>....] - ETA: 0s - loss: 0.0154 - mae: 0.0931
80/90 [=========================>....] - ETA: 0s - loss: 0.0154 - mae: 0.0929
81/90 [==========================>...] - ETA: 0s - loss: 0.0153 - mae: 0.0928
82/90 [==========================>...] - ETA: 0s - loss: 0.0153 - mae: 0.0928
83/90 [==========================>...] - ETA: 0s - loss: 0.0153 - mae: 0.0927
84/90 [===========================>..] - ETA: 0s - loss: 0.0153 - mae: 0.0927
85/90 [===========================>..] - ETA: 0s - loss: 0.0153 - mae: 0.0927
87/90 [============================>.] - ETA: 0s - loss: 0.0153 - mae: 0.0926
88/90 [============================>.] - ETA: 0s - loss: 0.0152 - mae: 0.0925
89/90 [============================>.] - ETA: 0s - loss: 0.0152 - mae: 0.0925
90/90 [==============================] - 5s 59ms/step - loss: 0.0152 - mae: 0.0925 - val_loss: 0.0097 - val_mae: 0.0732 - lr: 0.0010
[OK] Training completed
 [OK]

Evaluating model...
[OK] Test Loss (MSE): 0.006611
[OK] Test MAE: 0.059708

[FAIL] Error training Kasaba, Doddaballapura: Unknown format code 'f' for object of type 'str'

[2/21] Training Doddabelavangala, Doddaballapura

============================================================
Training: Doddabelavangala, Doddaballapura
============================================================
  [Fetching] Doddabelavangala, Doddaballapura... [OK] 3651 records
  [Preprocessing]...Cleaning data...
[OK] Data cleaned. Shape: (3651, 4), Features: ['temp_max', 'temp_min', 'rainfall']
Normalizing data...
[OK] Scaler fitted and saved to models\weather_scaler.pkl
Creating sequences with length 30...
[OK] Created 3591 sequences
  X shape: (3591, 30, 3)  (samples, timesteps, features)
  y shape: (3591, 30, 3)  (samples, timesteps, features)
Splitting data...
[OK] Train set: 2872 sequences
[OK] Val set: 359 sequences
[OK] Test set: 360 sequences
 [OK]
  [Training] Building & Training LSTM...Building LSTM model...
[OK] Model built successfully
Model: "sequential_1"
_________________________________________________________________
 Layer (type)                Output Shape              Param #   
=================================================================
 lstm_3 (LSTM)               (None, 30, 64)            17408     
                                                                 
 dropout_3 (Dropout)         (None, 30, 64)            0         
                                                                 
 lstm_4 (LSTM)               (None, 30, 64)            33024     
                                                                 
 dropout_4 (Dropout)         (None, 30, 64)            0         
                                                                 
 lstm_5 (LSTM)               (None, 32)                12416     
                                                                 
 dropout_5 (Dropout)         (None, 32)                0         
                                                                 
 dense_1 (Dense)             (None, 90)                2970      
                                                                 
 reshape_1 (Reshape)         (None, 30, 3)             0         
                                                                 
=================================================================
Total params: 65818 (257.10 KB)
Trainable params: 65818 (257.10 KB)
Non-trainable params: 0 (0.00 Byte)
_________________________________________________________________

Training model for 3 epochs...
Epoch 1/3
